<?xml version="1.0" encoding="UTF-8"?>
<testsuite xmlns:xsi="http://www.w3.org/2001/XMLSchema-instance" xsi:noNamespaceSchemaLocation="https://maven.apache.org/surefire/maven-surefire-plugin/xsd/surefire-test-report.xsd" name="br.gov.sp.fatec.brasfut.BrasfutApplicationTests" time="11.168" tests="5" errors="2" skipped="0" failures="0">
  <properties>
[...]
</properties>
  <testcase name="JogadorServiceAdicionarJogadorTest" classname="br.gov.sp.fatec.brasfut.BrasfutApplicationTests" time="0.431">
    <error message="An Authentication object was not found in the SecurityContext" type="org.springframework.security.authentication.AuthenticationCredentialsNotFoundException">org.springframework.security.authentication.AuthenticationCredentialsNotFoundException: An Authentication object was not found in the SecurityContext
	at br.gov.sp.fatec.brasfut.BrasfutApplicationTests.JogadorServiceAdicionarJogadorTest(BrasfutApplicationTests.java:84)
</error>
    <system-out><![CDATA[19:40:35.758 [main] DEBUG org.springframework.test.context.BootstrapUtils - Instantiating CacheAwareContextLoaderDelegate from class [org.springframework.test.context.cache.DefaultCacheAwareContextLoaderDelegate]
19:40:35.782 [main] DEBUG org.springframework.test.context.BootstrapUtils - Instantiating BootstrapContext using constructor [public org.springframework.test.context.support.DefaultBootstrapContext(java.lang.Class,org.springframework.test.context.CacheAwareContextLoaderDelegate)]
19:40:35.846 [main] DEBUG org.springframework.test.context.BootstrapUtils - Instantiating TestContextBootstrapper for test class [br.gov.sp.fatec.brasfut.BrasfutApplicationTests] from class [org.springframework.boot.test.context.SpringBootTestContextBootstrapper]
19:40:35.878 [main] INFO org.springframework.boot.test.context.SpringBootTestContextBootstrapper - Neither @ContextConfiguration nor @ContextHierarchy found for test class [br.gov.sp.fatec.brasfut.BrasfutApplicationTests], using SpringBootContextLoader
19:40:35.889 [main] DEBUG org.springframework.test.context.support.AbstractContextLoader - Did not detect default resource location for test class [br.gov.sp.fatec.brasfut.BrasfutApplicationTests]: class path resource [br/gov/sp/fatec/brasfut/BrasfutApplicationTests-context.xml] does not exist
19:40:35.890 [main] DEBUG org.springframework.test.context.support.AbstractContextLoader - Did not detect default resource location for test class [br.gov.sp.fatec.brasfut.BrasfutApplicationTests]: class path resource [br/gov/sp/fatec/brasfut/BrasfutApplicationTestsContext.groovy] does not exist
19:40:35.891 [main] INFO org.springframework.test.context.support.AbstractContextLoader - Could not detect default resource locations for test class [br.gov.sp.fatec.brasfut.BrasfutApplicationTests]: no resource found for suffixes {-context.xml, Context.groovy}.
19:40:35.893 [main] INFO org.springframework.test.context.support.AnnotationConfigContextLoaderUtils - Could not detect default configuration classes for test class [br.gov.sp.fatec.brasfut.BrasfutApplicationTests]: BrasfutApplicationTests does not declare any static, non-private, non-final, nested classes annotated with @Configuration.
19:40:36.008 [main] DEBUG org.springframework.test.context.support.ActiveProfilesUtils - Could not find an 'annotation declaring class' for annotation type [org.springframework.test.context.ActiveProfiles] and class [br.gov.sp.fatec.brasfut.BrasfutApplicationTests]
19:40:36.151 [main] DEBUG org.springframework.context.annotation.ClassPathScanningCandidateComponentProvider - Identified candidate component class: file [C:\Users\Julio Rangel\Documents\Fatec\Mineda\Brasfoot-master\Brasfut\brasfut\target\classes\br\gov\sp\fatec\brasfut\BrasfutApplication.class]
19:40:36.153 [main] INFO org.springframework.boot.test.context.SpringBootTestContextBootstrapper - Found @SpringBootConfiguration br.gov.sp.fatec.brasfut.BrasfutApplication for test class br.gov.sp.fatec.brasfut.BrasfutApplicationTests
19:40:36.344 [main] DEBUG org.springframework.boot.test.context.SpringBootTestContextBootstrapper - @TestExecutionListeners is not present for class [br.gov.sp.fatec.brasfut.BrasfutApplicationTests]: using defaults.
19:40:36.345 [main] INFO org.springframework.boot.test.context.SpringBootTestContextBootstrapper - Loaded default TestExecutionListener class names from location [META-INF/spring.factories]: [org.springframework.boot.test.mock.mockito.MockitoTestExecutionListener, org.springframework.boot.test.mock.mockito.ResetMocksTestExecutionListener, org.springframework.boot.test.autoconfigure.restdocs.RestDocsTestExecutionListener, org.springframework.boot.test.autoconfigure.web.client.MockRestServiceServerResetTestExecutionListener, org.springframework.boot.test.autoconfigure.web.servlet.MockMvcPrintOnlyOnFailureTestExecutionListener, org.springframework.boot.test.autoconfigure.web.servlet.WebDriverTestExecutionListener, org.springframework.boot.test.autoconfigure.webservices.client.MockWebServiceServerTestExecutionListener, org.springframework.test.context.web.ServletTestExecutionListener, org.springframework.test.context.support.DirtiesContextBeforeModesTestExecutionListener, org.springframework.test.context.support.DependencyInjectionTestExecutionListener, org.springframework.test.context.support.DirtiesContextTestExecutionListener, org.springframework.test.context.transaction.TransactionalTestExecutionListener, org.springframework.test.context.jdbc.SqlScriptsTestExecutionListener, org.springframework.test.context.event.EventPublishingTestExecutionListener, org.springframework.security.test.context.support.WithSecurityContextTestExecutionListener, org.springframework.security.test.context.support.ReactorContextTestExecutionListener]
19:40:36.387 [main] INFO org.springframework.boot.test.context.SpringBootTestContextBootstrapper - Using TestExecutionListeners: [org.springframework.test.context.web.ServletTestExecutionListener@1065d67, org.springframework.test.context.support.DirtiesContextBeforeModesTestExecutionListener@12625fd, org.springframework.boot.test.mock.mockito.MockitoTestExecutionListener@1ba5817, org.springframework.boot.test.autoconfigure.SpringBootDependencyInjectionTestExecutionListener@2ff096, org.springframework.test.context.support.DirtiesContextTestExecutionListener@1437611, org.springframework.test.context.transaction.TransactionalTestExecutionListener@10aac89, org.springframework.test.context.jdbc.SqlScriptsTestExecutionListener@5920df, org.springframework.test.context.event.EventPublishingTestExecutionListener@1f9d882, org.springframework.security.test.context.support.WithSecurityContextTestExecutionListener@1e4c792, org.springframework.security.test.context.support.ReactorContextTestExecutionListener@16a42c3, org.springframework.boot.test.mock.mockito.ResetMocksTestExecutionListener@60d6e9, org.springframework.boot.test.autoconfigure.restdocs.RestDocsTestExecutionListener@1043a2f, org.springframework.boot.test.autoconfigure.web.client.MockRestServiceServerResetTestExecutionListener@83a74a, org.springframework.boot.test.autoconfigure.web.servlet.MockMvcPrintOnlyOnFailureTestExecutionListener@1349883, org.springframework.boot.test.autoconfigure.web.servlet.WebDriverTestExecutionListener@129d1d2, org.springframework.boot.test.autoconfigure.webservices.client.MockWebServiceServerTestExecutionListener@1485fda]
19:40:36.398 [main] DEBUG org.springframework.test.context.support.AbstractDirtiesContextTestExecutionListener - Before test class: context [DefaultTestContext@35b0f5 testClass = BrasfutApplicationTests, testInstance = [null], testMethod = [null], testException = [null], mergedContextConfiguration = [WebMergedContextConfiguration@2c3d18 testClass = BrasfutApplicationTests, locations = '{}', classes = '{class br.gov.sp.fatec.brasfut.BrasfutApplication}', contextInitializerClasses = '[]', activeProfiles = '{}', propertySourceLocations = '{}', propertySourceProperties = '{org.springframework.boot.test.context.SpringBootTestContextBootstrapper=true}', contextCustomizers = set[org.springframework.boot.test.context.filter.ExcludeFilterContextCustomizer@1195e57, org.springframework.boot.test.json.DuplicateJsonObjectContextCustomizerFactory$DuplicateJsonObjectContextCustomizer@ef3420, org.springframework.boot.test.mock.mockito.MockitoContextCustomizer@0, org.springframework.boot.test.web.client.TestRestTemplateContextCustomizer@158da8e, org.springframework.boot.test.autoconfigure.properties.PropertyMappingContextCustomizer@0, org.springframework.boot.test.autoconfigure.web.servlet.WebDriverContextCustomizerFactory$Customizer@76a9af, org.springframework.boot.test.context.SpringBootTestArgs@1], resourceBasePath = 'src/main/webapp', contextLoader = 'org.springframework.boot.test.context.SpringBootContextLoader', parent = [null]], attributes = map['org.springframework.test.context.web.ServletTestExecutionListener.activateListener' -> true]], class annotated with @DirtiesContext [false] with mode [null].
19:40:36.459 [main] DEBUG org.springframework.test.context.support.TestPropertySourceUtils - Adding inlined properties to environment: {spring.jmx.enabled=false, org.springframework.boot.test.context.SpringBootTestContextBootstrapper=true}

  .   ____          _            __ _ _
 /\\ / ___'_ __ _ _(_)_ __  __ _ \ \ \ \
( ( )\___ | '_ | '_| | '_ \/ _` | \ \ \ \
 \\/  ___)| |_)| | | | | || (_| |  ) ) ) )
  '  |____| .__|_| |_|_| |_\__, | / / / /
 =========|_|==============|___/=/_/_/_/
 :: Spring Boot ::        (v2.3.1.RELEASE)

2020-07-08 19:40:37.053  INFO 2692 --- [           main] b.g.s.f.brasfut.BrasfutApplicationTests  : Starting BrasfutApplicationTests on Julio with PID 2692 (started by Julio Rangel in C:\Users\Julio Rangel\Documents\Fatec\Mineda\Brasfoot-master\Brasfut\brasfut)
2020-07-08 19:40:37.054  INFO 2692 --- [           main] b.g.s.f.brasfut.BrasfutApplicationTests  : No active profile set, falling back to default profiles: default
2020-07-08 19:40:38.210  INFO 2692 --- [           main] .s.d.r.c.RepositoryConfigurationDelegate : Bootstrapping Spring Data JPA repositories in DEFERRED mode.
2020-07-08 19:40:38.354  INFO 2692 --- [           main] .s.d.r.c.RepositoryConfigurationDelegate : Finished Spring Data repository scanning in 130ms. Found 3 JPA repository interfaces.
2020-07-08 19:40:39.186  INFO 2692 --- [           main] trationDelegate$BeanPostProcessorChecker : Bean 'org.springframework.security.access.expression.method.DefaultMethodSecurityExpressionHandler@dc3f89' of type [org.springframework.security.access.expression.method.DefaultMethodSecurityExpressionHandler] is not eligible for getting processed by all BeanPostProcessors (for example: not eligible for auto-proxying)
2020-07-08 19:40:39.212  INFO 2692 --- [           main] trationDelegate$BeanPostProcessorChecker : Bean 'methodSecurityMetadataSource' of type [org.springframework.security.access.method.DelegatingMethodSecurityMetadataSource] is not eligible for getting processed by all BeanPostProcessors (for example: not eligible for auto-proxying)
2020-07-08 19:40:39.667  INFO 2692 --- [           main] o.s.s.concurrent.ThreadPoolTaskExecutor  : Initializing ExecutorService 'applicationTaskExecutor'
2020-07-08 19:40:39.794  INFO 2692 --- [         task-1] o.hibernate.jpa.internal.util.LogHelper  : HHH000204: Processing PersistenceUnitInfo [name: default]
2020-07-08 19:40:39.911  INFO 2692 --- [         task-1] org.hibernate.Version                    : HHH000412: Hibernate ORM core version 5.4.17.Final
2020-07-08 19:40:40.080  WARN 2692 --- [           main] JpaBaseConfiguration$JpaWebConfiguration : spring.jpa.open-in-view is enabled by default. Therefore, database queries may be performed during view rendering. Explicitly configure spring.jpa.open-in-view to disable this warning
2020-07-08 19:40:40.283  INFO 2692 --- [         task-1] o.hibernate.annotations.common.Version   : HCANN000001: Hibernate Commons Annotations {5.1.0.Final}
2020-07-08 19:40:40.617  INFO 2692 --- [         task-1] com.zaxxer.hikari.HikariDataSource       : HikariPool-1 - Starting...
2020-07-08 19:40:40.780  INFO 2692 --- [           main] o.s.s.web.DefaultSecurityFilterChain     : Creating filter chain: any request, [org.springframework.security.web.context.request.async.WebAsyncManagerIntegrationFilter@119aa36, org.springframework.security.web.context.SecurityContextPersistenceFilter@1dfa819, org.springframework.security.web.header.HeaderWriterFilter@c2b646, org.springframework.security.web.authentication.logout.LogoutFilter@34d0f4, br.gov.sp.fatec.brasfut.security.JwtAuthenticationFilter@1a46fb, org.springframework.security.web.savedrequest.RequestCacheAwareFilter@ab0936, org.springframework.security.web.servletapi.SecurityContextHolderAwareRequestFilter@ecacc3, org.springframework.security.web.authentication.AnonymousAuthenticationFilter@1fe0ed4, org.springframework.security.web.session.SessionManagementFilter@1df14d1, org.springframework.security.web.access.ExceptionTranslationFilter@188f63c]
2020-07-08 19:40:42.617  INFO 2692 --- [           main] DeferredRepositoryInitializationListener : Triggering deferred initialization of Spring Data repositories…
2020-07-08 19:40:42.731  INFO 2692 --- [         task-1] com.zaxxer.hikari.HikariDataSource       : HikariPool-1 - Start completed.
2020-07-08 19:40:42.782  INFO 2692 --- [         task-1] org.hibernate.dialect.Dialect            : HHH000400: Using dialect: org.hibernate.dialect.MySQL5Dialect
2020-07-08 19:40:44.171  INFO 2692 --- [         task-1] o.h.e.t.j.p.i.JtaPlatformInitiator       : HHH000490: Using JtaPlatform implementation: [org.hibernate.engine.transaction.jta.platform.internal.NoJtaPlatform]
2020-07-08 19:40:44.183  INFO 2692 --- [         task-1] j.LocalContainerEntityManagerFactoryBean : Initialized JPA EntityManagerFactory for persistence unit 'default'
2020-07-08 19:40:44.770  INFO 2692 --- [           main] DeferredRepositoryInitializationListener : Spring Data repositories initialized!
2020-07-08 19:40:44.781  INFO 2692 --- [           main] b.g.s.f.brasfut.BrasfutApplicationTests  : Started BrasfutApplicationTests in 8.303 seconds (JVM running for 11.495)
2020-07-08 19:40:44.906  INFO 2692 --- [           main] o.s.t.c.transaction.TransactionContext   : Began transaction (1) for test context [DefaultTestContext@35b0f5 testClass = BrasfutApplicationTests, testInstance = br.gov.sp.fatec.brasfut.BrasfutApplicationTests@188b715, testMethod = JogadorServiceAdicionarJogadorTest@BrasfutApplicationTests, testException = [null], mergedContextConfiguration = [WebMergedContextConfiguration@2c3d18 testClass = BrasfutApplicationTests, locations = '{}', classes = '{class br.gov.sp.fatec.brasfut.BrasfutApplication}', contextInitializerClasses = '[]', activeProfiles = '{}', propertySourceLocations = '{}', propertySourceProperties = '{org.springframework.boot.test.context.SpringBootTestContextBootstrapper=true}', contextCustomizers = set[org.springframework.boot.test.context.filter.ExcludeFilterContextCustomizer@1195e57, org.springframework.boot.test.json.DuplicateJsonObjectContextCustomizerFactory$DuplicateJsonObjectContextCustomizer@ef3420, org.springframework.boot.test.mock.mockito.MockitoContextCustomizer@0, org.springframework.boot.test.web.client.TestRestTemplateContextCustomizer@158da8e, org.springframework.boot.test.autoconfigure.properties.PropertyMappingContextCustomizer@0, org.springframework.boot.test.autoconfigure.web.servlet.WebDriverContextCustomizerFactory$Customizer@76a9af, org.springframework.boot.test.context.SpringBootTestArgs@1], resourceBasePath = 'src/main/webapp', contextLoader = 'org.springframework.boot.test.context.SpringBootContextLoader', parent = [null]], attributes = map['org.springframework.test.context.web.ServletTestExecutionListener.activateListener' -> true, 'org.springframework.test.context.web.ServletTestExecutionListener.populatedRequestContextHolder' -> true, 'org.springframework.test.context.web.ServletTestExecutionListener.resetRequestContextHolder' -> true]]; transaction manager [org.springframework.orm.jpa.JpaTransactionManager@58eca5]; rollback [true]
2020-07-08 19:40:45.254  INFO 2692 --- [           main] o.s.t.c.transaction.TransactionContext   : Rolled back transaction for test: [DefaultTestContext@35b0f5 testClass = BrasfutApplicationTests, testInstance = br.gov.sp.fatec.brasfut.BrasfutApplicationTests@188b715, testMethod = JogadorServiceAdicionarJogadorTest@BrasfutApplicationTests, testException = org.springframework.security.authentication.AuthenticationCredentialsNotFoundException: An Authentication object was not found in the SecurityContext, mergedContextConfiguration = [WebMergedContextConfiguration@2c3d18 testClass = BrasfutApplicationTests, locations = '{}', classes = '{class br.gov.sp.fatec.brasfut.BrasfutApplication}', contextInitializerClasses = '[]', activeProfiles = '{}', propertySourceLocations = '{}', propertySourceProperties = '{org.springframework.boot.test.context.SpringBootTestContextBootstrapper=true}', contextCustomizers = set[org.springframework.boot.test.context.filter.ExcludeFilterContextCustomizer@1195e57, org.springframework.boot.test.json.DuplicateJsonObjectContextCustomizerFactory$DuplicateJsonObjectContextCustomizer@ef3420, org.springframework.boot.test.mock.mockito.MockitoContextCustomizer@0, org.springframework.boot.test.web.client.TestRestTemplateContextCustomizer@158da8e, org.springframework.boot.test.autoconfigure.properties.PropertyMappingContextCustomizer@0, org.springframework.boot.test.autoconfigure.web.servlet.WebDriverContextCustomizerFactory$Customizer@76a9af, org.springframework.boot.test.context.SpringBootTestArgs@1], resourceBasePath = 'src/main/webapp', contextLoader = 'org.springframework.boot.test.context.SpringBootContextLoader', parent = [null]], attributes = map['org.springframework.test.context.web.ServletTestExecutionListener.activateListener' -> true, 'org.springframework.test.context.web.ServletTestExecutionListener.populatedRequestContextHolder' -> true, 'org.springframework.test.context.web.ServletTestExecutionListener.resetRequestContextHolder' -> true]]
]]></system-out>
  </testcase>
  <testcase name="usuarioServiceNovoUsuarioTest" classname="br.gov.sp.fatec.brasfut.BrasfutApplicationTests" time="0.023">
    <error message="An Authentication object was not found in the SecurityContext" type="org.springframework.security.authentication.AuthenticationCredentialsNotFoundException">org.springframework.security.authentication.AuthenticationCredentialsNotFoundException: An Authentication object was not found in the SecurityContext
	at br.gov.sp.fatec.brasfut.BrasfutApplicationTests.usuarioServiceNovoUsuarioTest(BrasfutApplicationTests.java:76)
</error>
    <system-out><![CDATA[2020-07-08 19:40:45.319  INFO 2692 --- [           main] o.s.t.c.transaction.TransactionContext   : Began transaction (1) for test context [DefaultTestContext@35b0f5 testClass = BrasfutApplicationTests, testInstance = br.gov.sp.fatec.brasfut.BrasfutApplicationTests@19b7fe1, testMethod = usuarioServiceNovoUsuarioTest@BrasfutApplicationTests, testException = [null], mergedContextConfiguration = [WebMergedContextConfiguration@2c3d18 testClass = BrasfutApplicationTests, locations = '{}', classes = '{class br.gov.sp.fatec.brasfut.BrasfutApplication}', contextInitializerClasses = '[]', activeProfiles = '{}', propertySourceLocations = '{}', propertySourceProperties = '{org.springframework.boot.test.context.SpringBootTestContextBootstrapper=true}', contextCustomizers = set[org.springframework.boot.test.context.filter.ExcludeFilterContextCustomizer@1195e57, org.springframework.boot.test.json.DuplicateJsonObjectContextCustomizerFactory$DuplicateJsonObjectContextCustomizer@ef3420, org.springframework.boot.test.mock.mockito.MockitoContextCustomizer@0, org.springframework.boot.test.web.client.TestRestTemplateContextCustomizer@158da8e, org.springframework.boot.test.autoconfigure.properties.PropertyMappingContextCustomizer@0, org.springframework.boot.test.autoconfigure.web.servlet.WebDriverContextCustomizerFactory$Customizer@76a9af, org.springframework.boot.test.context.SpringBootTestArgs@1], resourceBasePath = 'src/main/webapp', contextLoader = 'org.springframework.boot.test.context.SpringBootContextLoader', parent = [null]], attributes = map['org.springframework.test.context.web.ServletTestExecutionListener.activateListener' -> true, 'org.springframework.test.context.web.ServletTestExecutionListener.populatedRequestContextHolder' -> true, 'org.springframework.test.context.web.ServletTestExecutionListener.resetRequestContextHolder' -> true]]; transaction manager [org.springframework.orm.jpa.JpaTransactionManager@58eca5]; rollback [true]
2020-07-08 19:40:45.327  INFO 2692 --- [           main] o.s.t.c.transaction.TransactionContext   : Rolled back transaction for test: [DefaultTestContext@35b0f5 testClass = BrasfutApplicationTests, testInstance = br.gov.sp.fatec.brasfut.BrasfutApplicationTests@19b7fe1, testMethod = usuarioServiceNovoUsuarioTest@BrasfutApplicationTests, testException = org.springframework.security.authentication.AuthenticationCredentialsNotFoundException: An Authentication object was not found in the SecurityContext, mergedContextConfiguration = [WebMergedContextConfiguration@2c3d18 testClass = BrasfutApplicationTests, locations = '{}', classes = '{class br.gov.sp.fatec.brasfut.BrasfutApplication}', contextInitializerClasses = '[]', activeProfiles = '{}', propertySourceLocations = '{}', propertySourceProperties = '{org.springframework.boot.test.context.SpringBootTestContextBootstrapper=true}', contextCustomizers = set[org.springframework.boot.test.context.filter.ExcludeFilterContextCustomizer@1195e57, org.springframework.boot.test.json.DuplicateJsonObjectContextCustomizerFactory$DuplicateJsonObjectContextCustomizer@ef3420, org.springframework.boot.test.mock.mockito.MockitoContextCustomizer@0, org.springframework.boot.test.web.client.TestRestTemplateContextCustomizer@158da8e, org.springframework.boot.test.autoconfigure.properties.PropertyMappingContextCustomizer@0, org.springframework.boot.test.autoconfigure.web.servlet.WebDriverContextCustomizerFactory$Customizer@76a9af, org.springframework.boot.test.context.SpringBootTestArgs@1], resourceBasePath = 'src/main/webapp', contextLoader = 'org.springframework.boot.test.context.SpringBootContextLoader', parent = [null]], attributes = map['org.springframework.test.context.web.ServletTestExecutionListener.activateListener' -> true, 'org.springframework.test.context.web.ServletTestExecutionListener.populatedRequestContextHolder' -> true, 'org.springframework.test.context.web.ServletTestExecutionListener.resetRequestContextHolder' -> true]]
]]></system-out>
  </testcase>
  <testcase name="jogadorRepositorySaveTest" classname="br.gov.sp.fatec.brasfut.BrasfutApplicationTests" time="0.758"/>
  <testcase name="contextLoads" classname="br.gov.sp.fatec.brasfut.BrasfutApplicationTests" time="0.031"/>
  <testcase name="usuarioRepositorySaveTest" classname="br.gov.sp.fatec.brasfut.BrasfutApplicationTests" time="0.578"/>
</testsuite>